<?xml version="1.0" encoding="UTF-8" ?>
<testsuite failures="0" time="7.927" errors="0" skipped="0" tests="10" name="isw2.TestEvaluacion">
  <properties>
[...]
</properties>
  <testcase time="6.966" name="crearTecnico1"/>
  <testcase time="0.007" name="crearTecnico2"/>
  <testcase time="0.007" name="crearTecnico3"/>
  <testcase time="0.722" name="crearProducto1"/>
  <testcase time="0.017" name="crearProducto2"/>
  <testcase time="0.01" name="crearProducto3"/>
  <testcase time="0.051" name="crearProducto4"/>
  <testcase time="0.059" name="crearProducto5"/>
  <testcase time="0.043" name="asignarProcedimientos1"/>
  <testcase time="0.037" name="asignarProcedimientos2"/>
</testsuite>