<?xml version="1.0" encoding="UTF-8" ?>
<testsuite failures="0" time="0.047" errors="0" skipped="0" tests="31" name="isw2.TestTecnico">
  <properties>
[...]
</properties>
  <testcase time="0.009" name="testSetNombre1"/>
  <testcase time="0" name="testSetNombre2"/>
  <testcase time="0.001" name="testSetNombre3"/>
  <testcase time="0" name="testSetDadoDeBaja1"/>
  <testcase time="0" name="testSetDadoDeBaja2"/>
  <testcase time="0.001" name="testAnadirProcedimiento1"/>
  <testcase time="0" name="testAnadirProcedimiento2"/>
  <testcase time="0.001" name="testAnadirProcedimiento3"/>
  <testcase time="0.001" name="testSetUser1"/>
  <testcase time="0" name="testSetUser2"/>
  <testcase time="0.001" name="testSetUser3"/>
  <testcase time="0.001" name="testSetPassword1"/>
  <testcase time="0" name="testSetPassword2"/>
  <testcase time="0.001" name="testSetPassword3"/>
  <testcase time="0" name="testSetApellidos1"/>
  <testcase time="0.002" name="testSetApellidos2"/>
  <testcase time="0" name="testSetApellidos3"/>
  <testcase time="0" name="testSetFechaNacimiento1"/>
  <testcase time="0" name="testSetFechaNacimiento2"/>
  <testcase time="0" name="testSetDireccion1"/>
  <testcase time="0" name="testSetDireccion2"/>
  <testcase time="0" name="testSetDireccion3"/>
  <testcase time="0" name="testSetTelefono1"/>
  <testcase time="0" name="testSetTelefono2"/>
  <testcase time="0" name="testSetTelefono3"/>
  <testcase time="0" name="testAnadirProcedimiento4"/>
  <testcase time="0" name="testAnadirProcedimiento5"/>
  <testcase time="0" name="testAnadirProcedimiento6"/>
  <testcase time="0" name="testEliminaProcedimiento1"/>
  <testcase time="0.001" name="testEliminaProcedimiento2"/>
  <testcase time="0" name="testEliminaProcedimiento"/>
</testsuite>